[0m[[0m[0mdebug[0m] [0m[0m> Exec(testOnly pipeline.Datapathtest -- -DwriteVcd=1, Some(0026ac9e-c334-4a5e-80b7-ccc87b7a725f), Some(CommandSource(console0)))[0m
[0m[[0m[0mdebug[0m] [0m[0mEvaluating tasks: Test / testOnly[0m
[0m[[0m[0mdebug[0m] [0m[0mRunning task... Cancel: Signal, check cycles: false, forcegc: true[0m
[0m[[0m[0minfo[0m] [0m[0mcompiling 1 Scala source to /home/kinzaa/Desktop/5-stage-pipeline-RV32I/target/scala-2.12/classes ...[0m
[0m[[0m[0minfo[0m] [0m[0m[32mDatapathtest:[0m[0m
[0m[[0m[0minfo[0m] [0m[0m[31m- Datapath Test *** FAILED ***[0m[0m
[0m[[0m[0minfo[0m] [0m[0m[31m  firrtl.passes.PassExceptions: firrtl.passes.CheckInitialization$RefNotInitializedException:  : [module ID]  Reference io is not fully initialized.[0m[0m
[0m[[0m[0minfo[0m] [0m[0m[31m   : io.Dpc_4out <= VOID[0m[0m
[0m[[0m[0minfo[0m] [0m[0m[31mfirrtl.passes.CheckInitialization$RefNotInitializedException:  : [module ID]  Reference io is not fully initialized.[0m[0m
[0m[[0m[0minfo[0m] [0m[0m[31m   : io.Dpc_out <= VOID[0m[0m
[0m[[0m[0minfo[0m] [0m[0m[31mfirrtl.passes.CheckInitialization$RefNotInitializedException:  : [module EX]  Reference io is not fully initialized.[0m[0m
[0m[[0m[0minfo[0m] [0m[0m[31m   : io.E_memWrite <= VOID[0m[0m
[0m[[0m[0minfo[0m] [0m[0m[31mfirrtl.passes.CheckInitialization$RefNotInitializedException:  : [module EX]  Reference io is not fully initialized.[0m[0m
[0m[[0m[0minfo[0m] [0m[0m[31m   : io.E_rs1 <= VOID[0m[0m
[0m[[0m[0minfo[0m] [0m[0m[31mfirrtl.passes.CheckInitialization$RefNotInitializedException:  : [module EX]  Reference io is not fully initialized.[0m[0m
[0m[[0m[0minfo[0m] [0m[0m[31m   : io.E_auipctype <= VOID[0m[0m
[0m[[0m[0minfo[0m] [0m[0m[31mfirrtl.passes.CheckInitialization$RefNotInitializedException:  : [module EX]  Reference io is not fully initialized.[0m[0m
[0m[[0m[0minfo[0m] [0m[0m[31m   : io.E_regWrEn <= VOID[0m[0m
[0m[[0m[0minfo[0m] [0m[0m[31mfirrtl.passes.CheckInitialization$RefNotInitializedException:  : [module EX]  Reference io is not fully initialized.[0m[0m
[0m[[0m[0minfo[0m] [0m[0m[31m   : io.E_memToReg <= VOID[0m[0m
[0m[[0m[0minfo[0m] [0m[0m[31mfirrtl.passes.CheckInitialization$RefNotInitializedException:  : [module EX]  Reference io is not fully initialized.[0m[0m
[0m[[0m[0minfo[0m] [0m[0m[31m   : io.E_memRead <= VOID[0m[0m
[0m[[0m[0minfo[0m] [0m[0m[31mfirrtl.passes.CheckInitialization$RefNotInitializedException:  : [module EX]  Reference io is not fully initialized.[0m[0m
[0m[[0m[0minfo[0m] [0m[0m[31m   : io.E_jaltype <= VOID[0m[0m
[0m[[0m[0minfo[0m] [0m[0m[31mfirrtl.passes.CheckInitialization$RefNotInitializedException:  : [module EX]  Reference io is not fully initialized.[0m[0m
[0m[[0m[0minfo[0m] [0m[0m[31m   : io.E_pc_out <= VOID[0m[0m
[0m[[0m[0minfo[0m] [0m[0m[31mfirrtl.passes.CheckInitialization$RefNotInitializedException:  : [module EX]  Reference io is not fully initialized.[0m[0m
[0m[[0m[0minfo[0m] [0m[0m[31m   : io.E_pc_4out <= VOID[0m[0m
[0m[[0m[0minfo[0m] [0m[0m[31mfirrtl.passes.CheckInitialization$RefNotInitializedException:  : [module EX]  Reference io is not fully initialized.[0m[0m
[0m[[0m[0minfo[0m] [0m[0m[31m   : io.E_rd <= VOID[0m[0m
[0m[[0m[0minfo[0m] [0m[0m[31mfirrtl.passes.CheckInitialization$RefNotInitializedException:  : [module EX]  Reference io is not fully initialized.[0m[0m
[0m[[0m[0minfo[0m] [0m[0m[31m   : io.E_jalrtype <= VOID[0m[0m
[0m[[0m[0minfo[0m] [0m[0m[31mfirrtl.passes.CheckInitialization$RefNotInitializedException:  : [module EX]  Reference io is not fully initialized.[0m[0m
[0m[[0m[0minfo[0m] [0m[0m[31m   : io.E_pcsel <= VOID[0m[0m
[0m[[0m[0minfo[0m] [0m[0m[31mfirrtl.passes.CheckInitialization$RefNotInitializedException:  : [module EX]  Reference io is not fully initialized.[0m[0m
[0m[[0m[0minfo[0m] [0m[0m[31m   : io.E_rs2 <= VOID[0m[0m
[0m[[0m[0minfo[0m] [0m[0m[31mfirrtl.passes.CheckInitialization$RefNotInitializedException:  @[Datapath.scala 14:23] : [module Datapath]  Reference execute is not fully initialized.[0m[0m
[0m[[0m[0minfo[0m] [0m[0m[31m   : execute.io.E_luitype <= VOID[0m[0m
[0m[[0m[0minfo[0m] [0m[0m[31mfirrtl.passes.CheckInitialization$RefNotInitializedException:  @[Datapath.scala 15:22] : [module Datapath]  Reference memory is not fully initialized.[0m[0m
[0m[[0m[0minfo[0m] [0m[0m[31m   : memory.io.memToReg <= VOID[0m[0m
[0m[[0m[0minfo[0m] [0m[0m[31mfirrtl.passes.PassException: 17 errors detected![0m[0m
[0m[[0m[0minfo[0m] [0m[0m[31m  ...[0m[0m
[0m[[0m[0minfo[0m] [0m[0m[36mRun completed in 2 seconds, 808 milliseconds.[0m[0m
[0m[[0m[0minfo[0m] [0m[0m[36mTotal number of tests run: 1[0m[0m
[0m[[0m[0minfo[0m] [0m[0m[36mSuites: completed 1, aborted 0[0m[0m
[0m[[0m[0minfo[0m] [0m[0m[36mTests: succeeded 0, failed 1, canceled 0, ignored 0, pending 0[0m[0m
[0m[[0m[0minfo[0m] [0m[0m[31m*** 1 TEST FAILED ***[0m[0m
[0m[[0m[31merror[0m] [0m[0mFailed tests:[0m
[0m[[0m[31merror[0m] [0m[0m	pipeline.Datapathtest[0m
[0m[[0m[0mdebug[0m] [0m[0mForcing garbage collection...[0m
[0m[[0m[31merror[0m] [0m[0m(Test / [31mtestOnly[0m) sbt.TestsFailedException: Tests unsuccessful[0m
[0m[[0m[31merror[0m] [0m[0mTotal time: 4 s, completed Aug 20, 2024, 4:35:51 PM[0m
[0m[[0m[0mdebug[0m] [0m[0m> Exec(shell, None, None)[0m
[0m[[0m[0minfo[0m] [0m[0mshutting down sbt server[0m
