[0m[[0m[0mdebug[0m] [0m[0m> Exec(testOnly pipeline.Datapathtest -- -DwriteVcd=1, Some(741374f1-d2e2-4628-b989-2a3ac37a9ef4), Some(CommandSource(console0)))[0m
[0m[[0m[0mdebug[0m] [0m[0mEvaluating tasks: Test / testOnly[0m
[0m[[0m[0mdebug[0m] [0m[0mRunning task... Cancel: Signal, check cycles: false, forcegc: true[0m
[0m[[0m[0minfo[0m] [0m[0mcompiling 1 Scala source to /home/kinzaa/Desktop/5-stage-pipeline-RV32I/target/scala-2.12/classes ...[0m
[0m[[0m[0minfo[0m] [0m[0m[32mDatapathtest:[0m[0m
[0m[[0m[0minfo[0m] [0m[0m[31m- Datapath Test *** FAILED ***[0m[0m
[0m[[0m[0minfo[0m] [0m[0m[31m  firrtl.passes.PassExceptions: firrtl.passes.CheckInitialization$RefNotInitializedException:  @[Datapath.scala 15:21] : [module Datapath]  Reference fetch is not fully initialized.[0m[0m
[0m[[0m[0minfo[0m] [0m[0m[31m   : fetch.io.aluout <= VOID[0m[0m
[0m[[0m[0minfo[0m] [0m[0m[31mfirrtl.passes.CheckInitialization$RefNotInitializedException:  @[Datapath.scala 15:21] : [module Datapath]  Reference fetch is not fully initialized.[0m[0m
[0m[[0m[0minfo[0m] [0m[0m[31m   : fetch.io.pcsel <= VOID[0m[0m
[0m[[0m[0minfo[0m] [0m[0m[31mfirrtl.passes.PassException: 2 errors detected![0m[0m
[0m[[0m[0minfo[0m] [0m[0m[31m  ...[0m[0m
[0m[[0m[0minfo[0m] [0m[0m[36mRun completed in 2 seconds, 19 milliseconds.[0m[0m
[0m[[0m[0minfo[0m] [0m[0m[36mTotal number of tests run: 1[0m[0m
[0m[[0m[0minfo[0m] [0m[0m[36mSuites: completed 1, aborted 0[0m[0m
[0m[[0m[0minfo[0m] [0m[0m[36mTests: succeeded 0, failed 1, canceled 0, ignored 0, pending 0[0m[0m
[0m[[0m[0minfo[0m] [0m[0m[31m*** 1 TEST FAILED ***[0m[0m
[0m[[0m[31merror[0m] [0m[0mFailed tests:[0m
[0m[[0m[31merror[0m] [0m[0m	pipeline.Datapathtest[0m
[0m[[0m[31merror[0m] [0m[0m(Test / [31mtestOnly[0m) sbt.TestsFailedException: Tests unsuccessful[0m
[0m[[0m[31merror[0m] [0m[0mTotal time: 4 s, completed Aug 29, 2024, 2:34:16 PM[0m
[0m[[0m[0mdebug[0m] [0m[0m> Exec(shell, None, None)[0m
[0m[[0m[0mdebug[0m] [0m[0mForcing garbage collection...[0m
[0m[[0m[0minfo[0m] [0m[0mshutting down sbt server[0m
