[0m[[0m[0mdebug[0m] [0m[0m> Exec(testOnly pipeline.Toptest -- -DwriteVcd=1, Some(f2e88369-8ab8-48ae-8343-b5c2d1a2bfbe), Some(CommandSource(console0)))[0m
[0m[[0m[0mdebug[0m] [0m[0mEvaluating tasks: Test / testOnly[0m
[0m[[0m[0mdebug[0m] [0m[0mRunning task... Cancel: Signal, check cycles: false, forcegc: true[0m
[0m[[0m[0minfo[0m] [0m[0mcompiling 1 Scala source to /home/kinzaa/Desktop/5-stage-pipeline-RV32I/target/scala-2.12/classes ...[0m
[0m[[0m[0minfo[0m] [0m[0m[32mToptest:[0m[0m
[0m[[0m[0minfo[0m] [0m[0m[31m- Execute Test *** FAILED ***[0m[0m
[0m[[0m[0minfo[0m] [0m[0m[31m  firrtl.passes.PassExceptions: firrtl.passes.CheckInitialization$RefNotInitializedException:  @[Top.scala 13:20] : [module Top]  Reference fetch is not fully initialized.[0m[0m
[0m[[0m[0minfo[0m] [0m[0m[31m   : fetch.io.addr <= VOID[0m[0m
[0m[[0m[0minfo[0m] [0m[0m[31mfirrtl.passes.CheckInitialization$RefNotInitializedException:  @[Top.scala 14:22] : [module Top]  Reference decoder is not fully initialized.[0m[0m
[0m[[0m[0minfo[0m] [0m[0m[31m   : decoder.io.readAddr2 <= VOID[0m[0m
[0m[[0m[0minfo[0m] [0m[0m[31mfirrtl.passes.CheckInitialization$RefNotInitializedException:  @[Top.scala 13:20] : [module Top]  Reference fetch is not fully initialized.[0m[0m
[0m[[0m[0minfo[0m] [0m[0m[31m   : fetch.io.aluout <= VOID[0m[0m
[0m[[0m[0minfo[0m] [0m[0m[31mfirrtl.passes.CheckInitialization$RefNotInitializedException:  @[Top.scala 14:22] : [module Top]  Reference decoder is not fully initialized.[0m[0m
[0m[[0m[0minfo[0m] [0m[0m[31m   : decoder.io.btaken <= VOID[0m[0m
[0m[[0m[0minfo[0m] [0m[0m[31mfirrtl.passes.CheckInitialization$RefNotInitializedException:  @[Top.scala 14:22] : [module Top]  Reference decoder is not fully initialized.[0m[0m
[0m[[0m[0minfo[0m] [0m[0m[31m   : decoder.io.readAddr1 <= VOID[0m[0m
[0m[[0m[0minfo[0m] [0m[0m[31mfirrtl.passes.CheckInitialization$RefNotInitializedException:  @[Top.scala 13:20] : [module Top]  Reference fetch is not fully initialized.[0m[0m
[0m[[0m[0minfo[0m] [0m[0m[31m   : fetch.io.pcsel <= VOID[0m[0m
[0m[[0m[0minfo[0m] [0m[0m[31mfirrtl.passes.PassException: 6 errors detected![0m[0m
[0m[[0m[0minfo[0m] [0m[0m[31m  ...[0m[0m
[0m[[0m[0minfo[0m] [0m[0m[36mRun completed in 2 seconds, 808 milliseconds.[0m[0m
[0m[[0m[0minfo[0m] [0m[0m[36mTotal number of tests run: 1[0m[0m
[0m[[0m[0minfo[0m] [0m[0m[36mSuites: completed 1, aborted 0[0m[0m
[0m[[0m[0minfo[0m] [0m[0m[36mTests: succeeded 0, failed 1, canceled 0, ignored 0, pending 0[0m[0m
[0m[[0m[0minfo[0m] [0m[0m[31m*** 1 TEST FAILED ***[0m[0m
[0m[[0m[31merror[0m] [0m[0mFailed tests:[0m
[0m[[0m[31merror[0m] [0m[0m	pipeline.Toptest[0m
[0m[[0m[31merror[0m] [0m[0m(Test / [31mtestOnly[0m) sbt.TestsFailedException: Tests unsuccessful[0m
[0m[[0m[31merror[0m] [0m[0mTotal time: 11 s, completed Aug 9, 2024, 11:59:51 AM[0m
[0m[[0m[0mdebug[0m] [0m[0m> Exec(shell, None, None)[0m
[0m[[0m[0mdebug[0m] [0m[0mForcing garbage collection...[0m
[0m[[0m[0minfo[0m] [0m[0mshutting down sbt server[0m
